2025-08-28 11:17:15.011 [main] INFO  b.c.CleverpathManagementApplication - Starting CleverpathManagementApplication using Java 21.0.8 with PID 13092 (D:\COMP 2501\clever-path\cleverpath-management\target\classes started by 25ren in D:\COMP 2501\clever-path)
2025-08-28 11:17:15.012 [main] INFO  b.c.CleverpathManagementApplication - No active profile set, falling back to 1 default profile: "default"
2025-08-28 11:17:15.887 [main] INFO  o.s.d.r.c.RepositoryConfigurationDelegate - Bootstrapping Spring Data JPA repositories in DEFAULT mode.
2025-08-28 11:17:15.932 [main] INFO  o.s.d.r.c.RepositoryConfigurationDelegate - Finished Spring Data repository scanning in 38 ms. Found 3 JPA repository interfaces.
2025-08-28 11:17:16.422 [main] INFO  o.s.b.w.e.tomcat.TomcatWebServer - Tomcat initialized with port 8080 (http)
2025-08-28 11:17:16.433 [main] INFO  o.a.coyote.http11.Http11NioProtocol - Initializing ProtocolHandler ["http-nio-8080"]
2025-08-28 11:17:16.434 [main] INFO  o.a.catalina.core.StandardService - Starting service [Tomcat]
2025-08-28 11:17:16.434 [main] INFO  o.a.catalina.core.StandardEngine - Starting Servlet engine: [Apache Tomcat/10.1.43]
2025-08-28 11:17:16.474 [main] INFO  o.a.c.c.C.[Tomcat].[localhost].[/] - Initializing Spring embedded WebApplicationContext
2025-08-28 11:17:16.474 [main] INFO  o.s.b.w.s.c.ServletWebServerApplicationContext - Root WebApplicationContext: initialization completed in 1432 ms
2025-08-28 11:17:16.620 [main] INFO  o.h.jpa.internal.util.LogHelper - HHH000204: Processing PersistenceUnitInfo [name: default]
2025-08-28 11:17:16.681 [main] INFO  org.hibernate.Version - HHH000412: Hibernate ORM core version 6.6.22.Final
2025-08-28 11:17:16.714 [main] INFO  o.h.c.i.RegionFactoryInitiator - HHH000026: Second-level cache disabled
2025-08-28 11:17:16.938 [main] INFO  o.s.o.j.p.SpringPersistenceUnitInfo - No LoadTimeWeaver setup: ignoring JPA class transformer
2025-08-28 11:17:16.963 [main] INFO  com.zaxxer.hikari.HikariDataSource - HikariPool-1 - Starting...
2025-08-28 11:17:17.218 [main] INFO  com.zaxxer.hikari.pool.HikariPool - HikariPool-1 - Added connection org.postgresql.jdbc.PgConnection@69f3e556
2025-08-28 11:17:17.220 [main] INFO  com.zaxxer.hikari.HikariDataSource - HikariPool-1 - Start completed.
2025-08-28 11:17:17.288 [main] INFO  o.hibernate.orm.connections.pooling - HHH10001005: Database info:
	Database JDBC URL [Connecting through datasource 'HikariDataSource (HikariPool-1)']
	Database driver: undefined/unknown
	Database version: 17.6
	Autocommit mode: undefined/unknown
	Isolation level: undefined/unknown
	Minimum pool size: undefined/unknown
	Maximum pool size: undefined/unknown
2025-08-28 11:17:17.935 [main] INFO  o.h.e.t.j.p.i.JtaPlatformInitiator - HHH000489: No JTA platform available (set 'hibernate.transaction.jta.platform' to enable JTA platform integration)
2025-08-28 11:17:18.068 [main] INFO  o.s.o.j.LocalContainerEntityManagerFactoryBean - Initialized JPA EntityManagerFactory for persistence unit 'default'
2025-08-28 11:17:18.306 [main] INFO  o.s.d.j.r.query.QueryEnhancerFactory - Hibernate is in classpath; If applicable, HQL parser will be used.
2025-08-28 11:17:19.494 [main] WARN  o.s.b.a.o.j.JpaBaseConfiguration$JpaWebConfiguration - spring.jpa.open-in-view is enabled by default. Therefore, database queries may be performed during view rendering. Explicitly configure spring.jpa.open-in-view to disable this warning
2025-08-28 11:17:19.547 [main] INFO  o.s.v.b.OptionalValidatorFactoryBean - Failed to set up a Bean Validation provider: jakarta.validation.NoProviderFoundException: Unable to create a Configuration, because no Jakarta Bean Validation provider could be found. Add a provider like Hibernate Validator (RI) to your classpath.
2025-08-28 11:17:19.910 [main] INFO  o.a.coyote.http11.Http11NioProtocol - Starting ProtocolHandler ["http-nio-8080"]
2025-08-28 11:17:19.923 [main] INFO  o.s.b.w.e.tomcat.TomcatWebServer - Tomcat started on port 8080 (http) with context path '/'
2025-08-28 11:17:19.930 [main] INFO  b.c.CleverpathManagementApplication - Started CleverpathManagementApplication in 5.248 seconds (process running for 5.99)
2025-08-28 11:17:42.254 [http-nio-8080-exec-1] INFO  o.a.c.c.C.[Tomcat].[localhost].[/] - Initializing Spring DispatcherServlet 'dispatcherServlet'
2025-08-28 11:17:42.254 [http-nio-8080-exec-1] INFO  o.s.web.servlet.DispatcherServlet - Initializing Servlet 'dispatcherServlet'
2025-08-28 11:17:42.255 [http-nio-8080-exec-1] INFO  o.s.web.servlet.DispatcherServlet - Completed initialization in 1 ms
2025-08-28 11:17:49.474 [http-nio-8080-exec-6] INFO  bcit.cst.controller.AuthController - 用户登录请求: songjiang
2025-08-28 11:17:49.526 [http-nio-8080-exec-6] DEBUG org.hibernate.SQL - 
    select
        e1_0.id,
        e1_0.create_time,
        e1_0.dept_id,
        e1_0.entry_date,
        e1_0.gender,
        e1_0.image,
        e1_0.job,
        e1_0.name,
        e1_0.password,
        e1_0.phone,
        e1_0.salary,
        e1_0.update_time,
        e1_0.username 
    from
        emp e1_0 
    where
        e1_0.username=?
2025-08-28 11:17:49.558 [http-nio-8080-exec-6] INFO  bcit.cst.aspect.ExecutionTimeAspect - LoginResponseDTO bcit.cst.service.impl.AuthServiceImpl.login(LoginRequestDTO) 执行耗时: 83ms
2025-08-28 11:17:53.228 [http-nio-8080-exec-4] INFO  b.cst.interceptor.TokenInterceptor - Token is valid, proceeding with the request.
2025-08-28 11:17:53.228 [http-nio-8080-exec-5] INFO  b.cst.interceptor.TokenInterceptor - Token is valid, proceeding with the request.
2025-08-28 11:17:53.229 [http-nio-8080-exec-4] INFO  b.cst.controller.ReportController - 查询员工岗位分布数据
2025-08-28 11:17:53.236 [http-nio-8080-exec-4] DEBUG org.hibernate.SQL - 
    select
        e1_0.job,
        count(e1_0.id) 
    from
        emp e1_0 
    group by
        e1_0.job
2025-08-28 11:17:53.236 [http-nio-8080-exec-5] DEBUG org.hibernate.SQL - 
    select
        e1_0.gender,
        count(e1_0.id) 
    from
        emp e1_0 
    group by
        e1_0.gender
2025-08-28 11:17:53.242 [http-nio-8080-exec-4] INFO  bcit.cst.aspect.ExecutionTimeAspect - JobOption bcit.cst.service.impl.ReportServiceImpl.getJobReport() 执行耗时: 13ms
2025-08-28 11:17:53.243 [http-nio-8080-exec-5] INFO  bcit.cst.aspect.ExecutionTimeAspect - List bcit.cst.service.impl.ReportServiceImpl.getGenderReport() 执行耗时: 14ms
2025-08-28 11:17:55.827 [http-nio-8080-exec-3] INFO  b.cst.interceptor.TokenInterceptor - Token is valid, proceeding with the request.
2025-08-28 11:17:55.829 [http-nio-8080-exec-3] INFO  bcit.cst.controller.DeptController - Fetching all departments
2025-08-28 11:17:55.831 [http-nio-8080-exec-3] DEBUG org.hibernate.SQL - 
    select
        d1_0.id,
        d1_0.create_time,
        d1_0.name,
        d1_0.update_time 
    from
        dept d1_0 
    order by
        d1_0.update_time desc
2025-08-28 11:17:55.841 [http-nio-8080-exec-3] INFO  bcit.cst.aspect.ExecutionTimeAspect - List bcit.cst.service.impl.DeptServiceImpl.list() 执行耗时: 12ms
2025-08-28 11:17:56.609 [http-nio-8080-exec-7] INFO  b.cst.interceptor.TokenInterceptor - Token is valid, proceeding with the request.
2025-08-28 11:17:56.621 [http-nio-8080-exec-7] INFO  bcit.cst.controller.EmpController - Pagination query: EmpQueryParam(page=1, pageSize=10, name=, gender=null, begin=null, end=null)
2025-08-28 11:17:56.623 [http-nio-8080-exec-8] INFO  b.cst.interceptor.TokenInterceptor - Token is valid, proceeding with the request.
2025-08-28 11:17:56.623 [http-nio-8080-exec-8] INFO  bcit.cst.controller.DeptController - Fetching all departments
2025-08-28 11:17:56.625 [http-nio-8080-exec-8] DEBUG org.hibernate.SQL - 
    select
        d1_0.id,
        d1_0.create_time,
        d1_0.name,
        d1_0.update_time 
    from
        dept d1_0 
    order by
        d1_0.update_time desc
2025-08-28 11:17:56.627 [http-nio-8080-exec-8] INFO  bcit.cst.aspect.ExecutionTimeAspect - List bcit.cst.service.impl.DeptServiceImpl.list() 执行耗时: 3ms
2025-08-28 11:17:56.649 [http-nio-8080-exec-7] DEBUG org.hibernate.SQL - 
    select
        e1_0.id,
        e1_0.create_time,
        e1_0.dept_id,
        e1_0.entry_date,
        e1_0.gender,
        e1_0.image,
        e1_0.job,
        e1_0.name,
        e1_0.password,
        e1_0.phone,
        e1_0.salary,
        e1_0.update_time,
        e1_0.username 
    from
        emp e1_0 
    where
        1=1 
    offset
        ? rows 
    fetch
        first ? rows only
2025-08-28 11:17:56.655 [http-nio-8080-exec-7] DEBUG org.hibernate.SQL - 
    select
        count(e1_0.id) 
    from
        emp e1_0 
    where
        1=1
2025-08-28 11:17:56.661 [http-nio-8080-exec-7] DEBUG org.hibernate.SQL - 
    select
        d1_0.id,
        d1_0.create_time,
        d1_0.name,
        d1_0.update_time 
    from
        dept d1_0 
    where
        d1_0.id in (?, ?)
2025-08-28 11:17:56.663 [http-nio-8080-exec-7] INFO  bcit.cst.aspect.ExecutionTimeAspect - PageResult bcit.cst.service.impl.EmpServiceImpl.getEmployees(EmpQueryParam) 执行耗时: 41ms
2025-08-28 11:18:42.455 [SpringApplicationShutdownHook] INFO  o.s.b.w.e.tomcat.GracefulShutdown - Commencing graceful shutdown. Waiting for active requests to complete
2025-08-28 11:18:42.459 [tomcat-shutdown] INFO  o.s.b.w.e.tomcat.GracefulShutdown - Graceful shutdown complete
2025-08-28 11:18:42.493 [SpringApplicationShutdownHook] INFO  o.s.o.j.LocalContainerEntityManagerFactoryBean - Closing JPA EntityManagerFactory for persistence unit 'default'
2025-08-28 11:18:42.494 [SpringApplicationShutdownHook] INFO  com.zaxxer.hikari.HikariDataSource - HikariPool-1 - Shutdown initiated...
2025-08-28 11:18:42.496 [SpringApplicationShutdownHook] INFO  com.zaxxer.hikari.HikariDataSource - HikariPool-1 - Shutdown completed.
2025-08-28 11:33:58.527 [main] INFO  b.c.CleverpathManagementApplication - Starting CleverpathManagementApplication using Java 21.0.8 with PID 13624 (D:\COMP 2501\clever-path\cleverpath-management\target\classes started by 25ren in D:\COMP 2501\clever-path)
2025-08-28 11:33:58.528 [main] INFO  b.c.CleverpathManagementApplication - No active profile set, falling back to 1 default profile: "default"
2025-08-28 11:33:59.193 [main] INFO  o.s.d.r.c.RepositoryConfigurationDelegate - Bootstrapping Spring Data JPA repositories in DEFAULT mode.
2025-08-28 11:33:59.240 [main] INFO  o.s.d.r.c.RepositoryConfigurationDelegate - Finished Spring Data repository scanning in 41 ms. Found 3 JPA repository interfaces.
2025-08-28 11:33:59.724 [main] INFO  o.s.b.w.e.tomcat.TomcatWebServer - Tomcat initialized with port 8080 (http)
2025-08-28 11:33:59.732 [main] INFO  o.a.coyote.http11.Http11NioProtocol - Initializing ProtocolHandler ["http-nio-8080"]
2025-08-28 11:33:59.733 [main] INFO  o.a.catalina.core.StandardService - Starting service [Tomcat]
2025-08-28 11:33:59.733 [main] INFO  o.a.catalina.core.StandardEngine - Starting Servlet engine: [Apache Tomcat/10.1.43]
2025-08-28 11:33:59.774 [main] INFO  o.a.c.c.C.[Tomcat].[localhost].[/] - Initializing Spring embedded WebApplicationContext
2025-08-28 11:33:59.774 [main] INFO  o.s.b.w.s.c.ServletWebServerApplicationContext - Root WebApplicationContext: initialization completed in 1212 ms
2025-08-28 11:33:59.908 [main] INFO  o.h.jpa.internal.util.LogHelper - HHH000204: Processing PersistenceUnitInfo [name: default]
2025-08-28 11:33:59.943 [main] INFO  org.hibernate.Version - HHH000412: Hibernate ORM core version 6.6.22.Final
2025-08-28 11:33:59.978 [main] INFO  o.h.c.i.RegionFactoryInitiator - HHH000026: Second-level cache disabled
2025-08-28 11:34:00.166 [main] INFO  o.s.o.j.p.SpringPersistenceUnitInfo - No LoadTimeWeaver setup: ignoring JPA class transformer
2025-08-28 11:34:00.187 [main] INFO  com.zaxxer.hikari.HikariDataSource - HikariPool-1 - Starting...
2025-08-28 11:34:00.299 [main] INFO  com.zaxxer.hikari.pool.HikariPool - HikariPool-1 - Added connection org.postgresql.jdbc.PgConnection@583030bd
2025-08-28 11:34:00.300 [main] INFO  com.zaxxer.hikari.HikariDataSource - HikariPool-1 - Start completed.
2025-08-28 11:34:00.345 [main] INFO  o.hibernate.orm.connections.pooling - HHH10001005: Database info:
	Database JDBC URL [Connecting through datasource 'HikariDataSource (HikariPool-1)']
	Database driver: undefined/unknown
	Database version: 17.6
	Autocommit mode: undefined/unknown
	Isolation level: undefined/unknown
	Minimum pool size: undefined/unknown
	Maximum pool size: undefined/unknown
2025-08-28 11:34:00.989 [main] INFO  o.h.e.t.j.p.i.JtaPlatformInitiator - HHH000489: No JTA platform available (set 'hibernate.transaction.jta.platform' to enable JTA platform integration)
2025-08-28 11:34:01.085 [main] INFO  o.s.o.j.LocalContainerEntityManagerFactoryBean - Initialized JPA EntityManagerFactory for persistence unit 'default'
2025-08-28 11:34:01.321 [main] INFO  o.s.d.j.r.query.QueryEnhancerFactory - Hibernate is in classpath; If applicable, HQL parser will be used.
2025-08-28 11:34:02.309 [main] WARN  o.s.b.a.o.j.JpaBaseConfiguration$JpaWebConfiguration - spring.jpa.open-in-view is enabled by default. Therefore, database queries may be performed during view rendering. Explicitly configure spring.jpa.open-in-view to disable this warning
2025-08-28 11:34:02.352 [main] INFO  o.s.v.b.OptionalValidatorFactoryBean - Failed to set up a Bean Validation provider: jakarta.validation.NoProviderFoundException: Unable to create a Configuration, because no Jakarta Bean Validation provider could be found. Add a provider like Hibernate Validator (RI) to your classpath.
2025-08-28 11:34:02.698 [main] INFO  o.a.coyote.http11.Http11NioProtocol - Starting ProtocolHandler ["http-nio-8080"]
2025-08-28 11:34:02.712 [main] INFO  o.s.b.w.e.tomcat.TomcatWebServer - Tomcat started on port 8080 (http) with context path '/'
2025-08-28 11:34:02.724 [main] INFO  b.c.CleverpathManagementApplication - Started CleverpathManagementApplication in 4.523 seconds (process running for 5.582)
2025-08-28 11:34:14.431 [http-nio-8080-exec-1] INFO  o.a.c.c.C.[Tomcat].[localhost].[/] - Initializing Spring DispatcherServlet 'dispatcherServlet'
2025-08-28 11:34:14.432 [http-nio-8080-exec-1] INFO  o.s.web.servlet.DispatcherServlet - Initializing Servlet 'dispatcherServlet'
2025-08-28 11:34:14.432 [http-nio-8080-exec-1] INFO  o.s.web.servlet.DispatcherServlet - Completed initialization in 0 ms
2025-08-28 11:34:14.490 [http-nio-8080-exec-2] INFO  b.cst.interceptor.TokenInterceptor - Token is valid, proceeding with the request.
2025-08-28 11:34:14.490 [http-nio-8080-exec-1] INFO  b.cst.interceptor.TokenInterceptor - Token is valid, proceeding with the request.
2025-08-28 11:34:14.498 [http-nio-8080-exec-2] INFO  bcit.cst.controller.DeptController - Fetching all departments
2025-08-28 11:34:14.511 [http-nio-8080-exec-1] INFO  bcit.cst.controller.EmpController - Pagination query: EmpQueryParam(page=1, pageSize=10, name=, gender=null, begin=null, end=null)
2025-08-28 11:34:14.543 [http-nio-8080-exec-1] DEBUG org.hibernate.SQL - 
    select
        e1_0.id,
        e1_0.create_time,
        e1_0.dept_id,
        e1_0.entry_date,
        e1_0.gender,
        e1_0.image,
        e1_0.job,
        e1_0.name,
        e1_0.password,
        e1_0.phone,
        e1_0.salary,
        e1_0.update_time,
        e1_0.username 
    from
        emp e1_0 
    where
        1=1 
    offset
        ? rows 
    fetch
        first ? rows only
2025-08-28 11:34:14.543 [http-nio-8080-exec-2] DEBUG org.hibernate.SQL - 
    select
        d1_0.id,
        d1_0.create_time,
        d1_0.name,
        d1_0.update_time 
    from
        dept d1_0 
    order by
        d1_0.update_time desc
2025-08-28 11:34:14.565 [http-nio-8080-exec-2] INFO  bcit.cst.aspect.ExecutionTimeAspect - List bcit.cst.service.impl.DeptServiceImpl.list() 执行耗时: 65ms
2025-08-28 11:34:14.567 [http-nio-8080-exec-1] DEBUG org.hibernate.SQL - 
    select
        count(e1_0.id) 
    from
        emp e1_0 
    where
        1=1
2025-08-28 11:34:14.577 [http-nio-8080-exec-1] DEBUG org.hibernate.SQL - 
    select
        d1_0.id,
        d1_0.create_time,
        d1_0.name,
        d1_0.update_time 
    from
        dept d1_0 
    where
        d1_0.id in (?, ?)
2025-08-28 11:34:14.580 [http-nio-8080-exec-1] INFO  bcit.cst.aspect.ExecutionTimeAspect - PageResult bcit.cst.service.impl.EmpServiceImpl.getEmployees(EmpQueryParam) 执行耗时: 69ms
2025-08-28 11:34:17.745 [http-nio-8080-exec-3] INFO  b.cst.interceptor.TokenInterceptor - Token is valid, proceeding with the request.
2025-08-28 11:34:17.746 [http-nio-8080-exec-3] INFO  bcit.cst.controller.DeptController - Fetching all departments
2025-08-28 11:34:17.747 [http-nio-8080-exec-3] DEBUG org.hibernate.SQL - 
    select
        d1_0.id,
        d1_0.create_time,
        d1_0.name,
        d1_0.update_time 
    from
        dept d1_0 
    order by
        d1_0.update_time desc
2025-08-28 11:34:17.749 [http-nio-8080-exec-3] INFO  bcit.cst.aspect.ExecutionTimeAspect - List bcit.cst.service.impl.DeptServiceImpl.list() 执行耗时: 3ms
2025-08-28 11:34:21.495 [http-nio-8080-exec-4] INFO  b.cst.interceptor.TokenInterceptor - Token is valid, proceeding with the request.
2025-08-28 11:34:21.514 [http-nio-8080-exec-4] INFO  bcit.cst.controller.DeptController - Adding new department: Dept(id=null, name=士大夫, createTime=null, updateTime=null)
2025-08-28 11:34:21.548 [http-nio-8080-exec-4] DEBUG org.hibernate.SQL - 
    insert 
    into
        dept
        (create_time, name, update_time) 
    values
        (?, ?, ?)
2025-08-28 11:34:21.564 [http-nio-8080-exec-4] INFO  bcit.cst.aspect.ExecutionTimeAspect - void bcit.cst.service.impl.DeptServiceImpl.add(Dept) 执行耗时: 50ms
2025-08-28 11:34:21.572 [http-nio-8080-exec-5] INFO  b.cst.interceptor.TokenInterceptor - Token is valid, proceeding with the request.
2025-08-28 11:34:21.573 [http-nio-8080-exec-5] INFO  bcit.cst.controller.DeptController - Fetching all departments
2025-08-28 11:34:21.574 [http-nio-8080-exec-5] DEBUG org.hibernate.SQL - 
    select
        d1_0.id,
        d1_0.create_time,
        d1_0.name,
        d1_0.update_time 
    from
        dept d1_0 
    order by
        d1_0.update_time desc
2025-08-28 11:34:21.575 [http-nio-8080-exec-5] INFO  bcit.cst.aspect.ExecutionTimeAspect - List bcit.cst.service.impl.DeptServiceImpl.list() 执行耗时: 2ms
2025-08-28 11:34:23.558 [http-nio-8080-exec-6] INFO  b.cst.interceptor.TokenInterceptor - Token is valid, proceeding with the request.
2025-08-28 11:34:23.560 [http-nio-8080-exec-6] INFO  bcit.cst.controller.DeptController - Fetching department with id: 9
2025-08-28 11:34:23.568 [http-nio-8080-exec-6] DEBUG org.hibernate.SQL - 
    select
        d1_0.id,
        d1_0.create_time,
        d1_0.name,
        d1_0.update_time 
    from
        dept d1_0 
    where
        d1_0.id=?
2025-08-28 11:34:23.570 [http-nio-8080-exec-6] INFO  bcit.cst.aspect.ExecutionTimeAspect - Dept bcit.cst.service.impl.DeptServiceImpl.getById(Long) 执行耗时: 10ms
2025-08-28 11:34:28.478 [http-nio-8080-exec-7] INFO  b.cst.interceptor.TokenInterceptor - Token is valid, proceeding with the request.
2025-08-28 11:34:28.486 [http-nio-8080-exec-7] INFO  bcit.cst.controller.DeptController - Updating department: Dept(id=9, name=我111, createTime=2025-08-28T11:34:21, updateTime=2025-08-28T11:34:21)
2025-08-28 11:34:28.490 [http-nio-8080-exec-7] DEBUG org.hibernate.SQL - 
    select
        d1_0.id,
        d1_0.create_time,
        d1_0.name,
        d1_0.update_time 
    from
        dept d1_0 
    where
        d1_0.id=?
2025-08-28 11:34:28.496 [http-nio-8080-exec-7] DEBUG org.hibernate.SQL - 
    update
        dept 
    set
        name=?,
        update_time=? 
    where
        id=?
2025-08-28 11:34:28.502 [http-nio-8080-exec-7] INFO  bcit.cst.aspect.ExecutionTimeAspect - void bcit.cst.service.impl.DeptServiceImpl.update(Dept) 执行耗时: 16ms
2025-08-28 11:34:28.510 [http-nio-8080-exec-8] INFO  b.cst.interceptor.TokenInterceptor - Token is valid, proceeding with the request.
2025-08-28 11:34:28.510 [http-nio-8080-exec-8] INFO  bcit.cst.controller.DeptController - Fetching all departments
2025-08-28 11:34:28.511 [http-nio-8080-exec-8] DEBUG org.hibernate.SQL - 
    select
        d1_0.id,
        d1_0.create_time,
        d1_0.name,
        d1_0.update_time 
    from
        dept d1_0 
    order by
        d1_0.update_time desc
2025-08-28 11:34:28.512 [http-nio-8080-exec-8] INFO  bcit.cst.aspect.ExecutionTimeAspect - List bcit.cst.service.impl.DeptServiceImpl.list() 执行耗时: 2ms
2025-08-28 11:34:31.334 [http-nio-8080-exec-9] INFO  b.cst.interceptor.TokenInterceptor - Token is valid, proceeding with the request.
2025-08-28 11:34:31.337 [http-nio-8080-exec-9] DEBUG org.hibernate.SQL - 
    select
        d1_0.id,
        d1_0.create_time,
        d1_0.name,
        d1_0.update_time 
    from
        dept d1_0 
    where
        d1_0.id=?
2025-08-28 11:34:31.344 [http-nio-8080-exec-9] DEBUG org.hibernate.SQL - 
    delete 
    from
        dept 
    where
        id=?
2025-08-28 11:34:31.351 [http-nio-8080-exec-9] INFO  bcit.cst.aspect.ExecutionTimeAspect - void bcit.cst.service.impl.DeptServiceImpl.delete(Long) 执行耗时: 15ms
2025-08-28 11:34:31.359 [http-nio-8080-exec-10] INFO  b.cst.interceptor.TokenInterceptor - Token is valid, proceeding with the request.
2025-08-28 11:34:31.359 [http-nio-8080-exec-10] INFO  bcit.cst.controller.DeptController - Fetching all departments
2025-08-28 11:34:31.360 [http-nio-8080-exec-10] DEBUG org.hibernate.SQL - 
    select
        d1_0.id,
        d1_0.create_time,
        d1_0.name,
        d1_0.update_time 
    from
        dept d1_0 
    order by
        d1_0.update_time desc
2025-08-28 11:34:31.361 [http-nio-8080-exec-10] INFO  bcit.cst.aspect.ExecutionTimeAspect - List bcit.cst.service.impl.DeptServiceImpl.list() 执行耗时: 2ms
2025-08-28 11:36:36.280 [SpringApplicationShutdownHook] INFO  o.s.b.w.e.tomcat.GracefulShutdown - Commencing graceful shutdown. Waiting for active requests to complete
2025-08-28 11:36:36.284 [tomcat-shutdown] INFO  o.s.b.w.e.tomcat.GracefulShutdown - Graceful shutdown complete
2025-08-28 11:36:36.316 [SpringApplicationShutdownHook] INFO  o.s.o.j.LocalContainerEntityManagerFactoryBean - Closing JPA EntityManagerFactory for persistence unit 'default'
2025-08-28 11:36:36.317 [SpringApplicationShutdownHook] INFO  com.zaxxer.hikari.HikariDataSource - HikariPool-1 - Shutdown initiated...
2025-08-28 11:36:36.320 [SpringApplicationShutdownHook] INFO  com.zaxxer.hikari.HikariDataSource - HikariPool-1 - Shutdown completed.
2025-08-28 11:40:01.710 [main] INFO  b.c.CleverpathManagementApplication - Starting CleverpathManagementApplication using Java 21.0.8 with PID 33512 (D:\COMP 2501\clever-path\cleverpath-management\target\classes started by 25ren in D:\COMP 2501\clever-path)
2025-08-28 11:40:01.713 [main] INFO  b.c.CleverpathManagementApplication - No active profile set, falling back to 1 default profile: "default"
2025-08-28 11:40:02.219 [main] INFO  o.s.d.r.c.RepositoryConfigurationDelegate - Bootstrapping Spring Data JPA repositories in DEFAULT mode.
2025-08-28 11:40:02.264 [main] INFO  o.s.d.r.c.RepositoryConfigurationDelegate - Finished Spring Data repository scanning in 40 ms. Found 3 JPA repository interfaces.
2025-08-28 11:40:02.664 [main] INFO  o.s.b.w.e.tomcat.TomcatWebServer - Tomcat initialized with port 8080 (http)
2025-08-28 11:40:02.672 [main] INFO  o.a.coyote.http11.Http11NioProtocol - Initializing ProtocolHandler ["http-nio-8080"]
2025-08-28 11:40:02.673 [main] INFO  o.a.catalina.core.StandardService - Starting service [Tomcat]
2025-08-28 11:40:02.673 [main] INFO  o.a.catalina.core.StandardEngine - Starting Servlet engine: [Apache Tomcat/10.1.43]
2025-08-28 11:40:02.706 [main] INFO  o.a.c.c.C.[Tomcat].[localhost].[/] - Initializing Spring embedded WebApplicationContext
2025-08-28 11:40:02.707 [main] INFO  o.s.b.w.s.c.ServletWebServerApplicationContext - Root WebApplicationContext: initialization completed in 961 ms
2025-08-28 11:40:02.830 [main] INFO  o.h.jpa.internal.util.LogHelper - HHH000204: Processing PersistenceUnitInfo [name: default]
2025-08-28 11:40:02.857 [main] INFO  org.hibernate.Version - HHH000412: Hibernate ORM core version 6.6.22.Final
2025-08-28 11:40:02.881 [main] INFO  o.h.c.i.RegionFactoryInitiator - HHH000026: Second-level cache disabled
2025-08-28 11:40:03.042 [main] INFO  o.s.o.j.p.SpringPersistenceUnitInfo - No LoadTimeWeaver setup: ignoring JPA class transformer
2025-08-28 11:40:03.060 [main] INFO  com.zaxxer.hikari.HikariDataSource - HikariPool-1 - Starting...
2025-08-28 11:40:03.162 [main] INFO  com.zaxxer.hikari.pool.HikariPool - HikariPool-1 - Added connection org.postgresql.jdbc.PgConnection@4c4215d7
2025-08-28 11:40:03.163 [main] INFO  com.zaxxer.hikari.HikariDataSource - HikariPool-1 - Start completed.
2025-08-28 11:40:03.208 [main] INFO  o.hibernate.orm.connections.pooling - HHH10001005: Database info:
	Database JDBC URL [Connecting through datasource 'HikariDataSource (HikariPool-1)']
	Database driver: undefined/unknown
	Database version: 17.6
	Autocommit mode: undefined/unknown
	Isolation level: undefined/unknown
	Minimum pool size: undefined/unknown
	Maximum pool size: undefined/unknown
2025-08-28 11:40:03.740 [main] INFO  o.h.e.t.j.p.i.JtaPlatformInitiator - HHH000489: No JTA platform available (set 'hibernate.transaction.jta.platform' to enable JTA platform integration)
2025-08-28 11:40:03.837 [main] INFO  o.s.o.j.LocalContainerEntityManagerFactoryBean - Initialized JPA EntityManagerFactory for persistence unit 'default'
2025-08-28 11:40:04.012 [main] INFO  o.s.d.j.r.query.QueryEnhancerFactory - Hibernate is in classpath; If applicable, HQL parser will be used.
2025-08-28 11:40:04.976 [main] WARN  o.s.b.a.o.j.JpaBaseConfiguration$JpaWebConfiguration - spring.jpa.open-in-view is enabled by default. Therefore, database queries may be performed during view rendering. Explicitly configure spring.jpa.open-in-view to disable this warning
2025-08-28 11:40:05.022 [main] INFO  o.s.v.b.OptionalValidatorFactoryBean - Failed to set up a Bean Validation provider: jakarta.validation.NoProviderFoundException: Unable to create a Configuration, because no Jakarta Bean Validation provider could be found. Add a provider like Hibernate Validator (RI) to your classpath.
2025-08-28 11:40:05.343 [main] INFO  o.a.coyote.http11.Http11NioProtocol - Starting ProtocolHandler ["http-nio-8080"]
2025-08-28 11:40:05.356 [main] INFO  o.s.b.w.e.tomcat.TomcatWebServer - Tomcat started on port 8080 (http) with context path '/'
2025-08-28 11:40:05.362 [main] INFO  b.c.CleverpathManagementApplication - Started CleverpathManagementApplication in 3.906 seconds (process running for 4.519)
2025-08-28 11:40:07.979 [http-nio-8080-exec-1] INFO  o.a.c.c.C.[Tomcat].[localhost].[/] - Initializing Spring DispatcherServlet 'dispatcherServlet'
2025-08-28 11:40:07.979 [http-nio-8080-exec-1] INFO  o.s.web.servlet.DispatcherServlet - Initializing Servlet 'dispatcherServlet'
2025-08-28 11:40:07.980 [http-nio-8080-exec-1] INFO  o.s.web.servlet.DispatcherServlet - Completed initialization in 1 ms
2025-08-28 11:40:08.027 [http-nio-8080-exec-1] INFO  b.cst.interceptor.TokenInterceptor - Token is valid, proceeding with the request.
2025-08-28 11:40:08.035 [http-nio-8080-exec-1] INFO  bcit.cst.controller.DeptController - Fetching all departments
2025-08-28 11:40:08.072 [http-nio-8080-exec-1] DEBUG org.hibernate.SQL - 
    select
        d1_0.id,
        d1_0.create_time,
        d1_0.name,
        d1_0.update_time 
    from
        dept d1_0 
    order by
        d1_0.update_time desc
2025-08-28 11:40:08.092 [http-nio-8080-exec-1] INFO  bcit.cst.aspect.ExecutionTimeAspect - List bcit.cst.service.impl.DeptServiceImpl.list() 执行耗时: 55ms
2025-08-28 11:40:09.795 [http-nio-8080-exec-5] INFO  b.cst.interceptor.TokenInterceptor - Token is valid, proceeding with the request.
2025-08-28 11:40:09.795 [http-nio-8080-exec-2] INFO  b.cst.interceptor.TokenInterceptor - Token is valid, proceeding with the request.
2025-08-28 11:40:09.797 [http-nio-8080-exec-2] ERROR b.c.exception.GlobalExceptionHandler - 发生异常: 
org.springframework.web.servlet.resource.NoResourceFoundException: No static resource report/studentDegreeData.
	at org.springframework.web.servlet.resource.ResourceHttpRequestHandler.handleRequest(ResourceHttpRequestHandler.java:585)
	at org.springframework.web.servlet.mvc.HttpRequestHandlerAdapter.handle(HttpRequestHandlerAdapter.java:52)
	at org.springframework.web.servlet.DispatcherServlet.doDispatch(DispatcherServlet.java:1089)
	at org.springframework.web.servlet.DispatcherServlet.doService(DispatcherServlet.java:979)
	at org.springframework.web.servlet.FrameworkServlet.processRequest(FrameworkServlet.java:1014)
	at org.springframework.web.servlet.FrameworkServlet.doGet(FrameworkServlet.java:903)
	at jakarta.servlet.http.HttpServlet.service(HttpServlet.java:564)
	at org.springframework.web.servlet.FrameworkServlet.service(FrameworkServlet.java:885)
	at jakarta.servlet.http.HttpServlet.service(HttpServlet.java:658)
	at org.apache.catalina.core.ApplicationFilterChain.internalDoFilter(ApplicationFilterChain.java:195)
	at org.apache.catalina.core.ApplicationFilterChain.doFilter(ApplicationFilterChain.java:140)
	at org.apache.tomcat.websocket.server.WsFilter.doFilter(WsFilter.java:51)
	at org.apache.catalina.core.ApplicationFilterChain.internalDoFilter(ApplicationFilterChain.java:164)
	at org.apache.catalina.core.ApplicationFilterChain.doFilter(ApplicationFilterChain.java:140)
	at org.springframework.web.filter.RequestContextFilter.doFilterInternal(RequestContextFilter.java:100)
	at org.springframework.web.filter.OncePerRequestFilter.doFilter(OncePerRequestFilter.java:116)
	at org.apache.catalina.core.ApplicationFilterChain.internalDoFilter(ApplicationFilterChain.java:164)
	at org.apache.catalina.core.ApplicationFilterChain.doFilter(ApplicationFilterChain.java:140)
	at org.springframework.web.filter.FormContentFilter.doFilterInternal(FormContentFilter.java:93)
	at org.springframework.web.filter.OncePerRequestFilter.doFilter(OncePerRequestFilter.java:116)
	at org.apache.catalina.core.ApplicationFilterChain.internalDoFilter(ApplicationFilterChain.java:164)
	at org.apache.catalina.core.ApplicationFilterChain.doFilter(ApplicationFilterChain.java:140)
	at org.springframework.web.filter.CharacterEncodingFilter.doFilterInternal(CharacterEncodingFilter.java:201)
	at org.springframework.web.filter.OncePerRequestFilter.doFilter(OncePerRequestFilter.java:116)
	at org.apache.catalina.core.ApplicationFilterChain.internalDoFilter(ApplicationFilterChain.java:164)
	at org.apache.catalina.core.ApplicationFilterChain.doFilter(ApplicationFilterChain.java:140)
	at org.apache.catalina.core.StandardWrapperValve.invoke(StandardWrapperValve.java:167)
	at org.apache.catalina.core.StandardContextValve.invoke(StandardContextValve.java:90)
	at org.apache.catalina.authenticator.AuthenticatorBase.invoke(AuthenticatorBase.java:483)
	at org.apache.catalina.core.StandardHostValve.invoke(StandardHostValve.java:116)
	at org.apache.catalina.valves.ErrorReportValve.invoke(ErrorReportValve.java:93)
	at org.apache.catalina.core.StandardEngineValve.invoke(StandardEngineValve.java:74)
	at org.apache.catalina.connector.CoyoteAdapter.service(CoyoteAdapter.java:344)
	at org.apache.coyote.http11.Http11Processor.service(Http11Processor.java:398)
	at org.apache.coyote.AbstractProcessorLight.process(AbstractProcessorLight.java:63)
	at org.apache.coyote.AbstractProtocol$ConnectionHandler.process(AbstractProtocol.java:903)
	at org.apache.tomcat.util.net.NioEndpoint$SocketProcessor.doRun(NioEndpoint.java:1769)
	at org.apache.tomcat.util.net.SocketProcessorBase.run(SocketProcessorBase.java:52)
	at org.apache.tomcat.util.threads.ThreadPoolExecutor.runWorker(ThreadPoolExecutor.java:1189)
	at org.apache.tomcat.util.threads.ThreadPoolExecutor$Worker.run(ThreadPoolExecutor.java:658)
	at org.apache.tomcat.util.threads.TaskThread$WrappingRunnable.run(TaskThread.java:63)
	at java.base/java.lang.Thread.run(Thread.java:1583)
2025-08-28 11:40:09.797 [http-nio-8080-exec-5] ERROR b.c.exception.GlobalExceptionHandler - 发生异常: 
org.springframework.web.servlet.resource.NoResourceFoundException: No static resource report/studentCountData.
	at org.springframework.web.servlet.resource.ResourceHttpRequestHandler.handleRequest(ResourceHttpRequestHandler.java:585)
	at org.springframework.web.servlet.mvc.HttpRequestHandlerAdapter.handle(HttpRequestHandlerAdapter.java:52)
	at org.springframework.web.servlet.DispatcherServlet.doDispatch(DispatcherServlet.java:1089)
	at org.springframework.web.servlet.DispatcherServlet.doService(DispatcherServlet.java:979)
	at org.springframework.web.servlet.FrameworkServlet.processRequest(FrameworkServlet.java:1014)
	at org.springframework.web.servlet.FrameworkServlet.doGet(FrameworkServlet.java:903)
	at jakarta.servlet.http.HttpServlet.service(HttpServlet.java:564)
	at org.springframework.web.servlet.FrameworkServlet.service(FrameworkServlet.java:885)
	at jakarta.servlet.http.HttpServlet.service(HttpServlet.java:658)
	at org.apache.catalina.core.ApplicationFilterChain.internalDoFilter(ApplicationFilterChain.java:195)
	at org.apache.catalina.core.ApplicationFilterChain.doFilter(ApplicationFilterChain.java:140)
	at org.apache.tomcat.websocket.server.WsFilter.doFilter(WsFilter.java:51)
	at org.apache.catalina.core.ApplicationFilterChain.internalDoFilter(ApplicationFilterChain.java:164)
	at org.apache.catalina.core.ApplicationFilterChain.doFilter(ApplicationFilterChain.java:140)
	at org.springframework.web.filter.RequestContextFilter.doFilterInternal(RequestContextFilter.java:100)
	at org.springframework.web.filter.OncePerRequestFilter.doFilter(OncePerRequestFilter.java:116)
	at org.apache.catalina.core.ApplicationFilterChain.internalDoFilter(ApplicationFilterChain.java:164)
	at org.apache.catalina.core.ApplicationFilterChain.doFilter(ApplicationFilterChain.java:140)
	at org.springframework.web.filter.FormContentFilter.doFilterInternal(FormContentFilter.java:93)
	at org.springframework.web.filter.OncePerRequestFilter.doFilter(OncePerRequestFilter.java:116)
	at org.apache.catalina.core.ApplicationFilterChain.internalDoFilter(ApplicationFilterChain.java:164)
	at org.apache.catalina.core.ApplicationFilterChain.doFilter(ApplicationFilterChain.java:140)
	at org.springframework.web.filter.CharacterEncodingFilter.doFilterInternal(CharacterEncodingFilter.java:201)
	at org.springframework.web.filter.OncePerRequestFilter.doFilter(OncePerRequestFilter.java:116)
	at org.apache.catalina.core.ApplicationFilterChain.internalDoFilter(ApplicationFilterChain.java:164)
	at org.apache.catalina.core.ApplicationFilterChain.doFilter(ApplicationFilterChain.java:140)
	at org.apache.catalina.core.StandardWrapperValve.invoke(StandardWrapperValve.java:167)
	at org.apache.catalina.core.StandardContextValve.invoke(StandardContextValve.java:90)
	at org.apache.catalina.authenticator.AuthenticatorBase.invoke(AuthenticatorBase.java:483)
	at org.apache.catalina.core.StandardHostValve.invoke(StandardHostValve.java:116)
	at org.apache.catalina.valves.ErrorReportValve.invoke(ErrorReportValve.java:93)
	at org.apache.catalina.core.StandardEngineValve.invoke(StandardEngineValve.java:74)
	at org.apache.catalina.connector.CoyoteAdapter.service(CoyoteAdapter.java:344)
	at org.apache.coyote.http11.Http11Processor.service(Http11Processor.java:398)
	at org.apache.coyote.AbstractProcessorLight.process(AbstractProcessorLight.java:63)
	at org.apache.coyote.AbstractProtocol$ConnectionHandler.process(AbstractProtocol.java:903)
	at org.apache.tomcat.util.net.NioEndpoint$SocketProcessor.doRun(NioEndpoint.java:1769)
	at org.apache.tomcat.util.net.SocketProcessorBase.run(SocketProcessorBase.java:52)
	at org.apache.tomcat.util.threads.ThreadPoolExecutor.runWorker(ThreadPoolExecutor.java:1189)
	at org.apache.tomcat.util.threads.ThreadPoolExecutor$Worker.run(ThreadPoolExecutor.java:658)
	at org.apache.tomcat.util.threads.TaskThread$WrappingRunnable.run(TaskThread.java:63)
	at java.base/java.lang.Thread.run(Thread.java:1583)
2025-08-28 11:40:10.534 [http-nio-8080-exec-3] INFO  b.cst.interceptor.TokenInterceptor - Token is valid, proceeding with the request.
2025-08-28 11:40:10.534 [http-nio-8080-exec-4] INFO  b.cst.interceptor.TokenInterceptor - Token is valid, proceeding with the request.
2025-08-28 11:40:10.534 [http-nio-8080-exec-4] INFO  b.cst.controller.ReportController - 查询员工岗位分布数据
2025-08-28 11:40:10.545 [http-nio-8080-exec-4] DEBUG org.hibernate.SQL - 
    select
        e1_0.job,
        count(e1_0.id) 
    from
        emp e1_0 
    group by
        e1_0.job
2025-08-28 11:40:10.545 [http-nio-8080-exec-3] DEBUG org.hibernate.SQL - 
    select
        e1_0.gender,
        count(e1_0.id) 
    from
        emp e1_0 
    group by
        e1_0.gender
2025-08-28 11:40:10.547 [http-nio-8080-exec-4] INFO  bcit.cst.aspect.ExecutionTimeAspect - JobOption bcit.cst.service.impl.ReportServiceImpl.getJobReport() 执行耗时: 13ms
2025-08-28 11:40:10.549 [http-nio-8080-exec-3] INFO  bcit.cst.aspect.ExecutionTimeAspect - List bcit.cst.service.impl.ReportServiceImpl.getGenderReport() 执行耗时: 15ms
2025-08-28 11:40:13.115 [http-nio-8080-exec-7] INFO  b.cst.interceptor.TokenInterceptor - Token is valid, proceeding with the request.
2025-08-28 11:40:13.115 [http-nio-8080-exec-6] INFO  b.cst.interceptor.TokenInterceptor - Token is valid, proceeding with the request.
2025-08-28 11:40:13.115 [http-nio-8080-exec-7] INFO  bcit.cst.controller.DeptController - Fetching all departments
2025-08-28 11:40:13.116 [http-nio-8080-exec-7] DEBUG org.hibernate.SQL - 
    select
        d1_0.id,
        d1_0.create_time,
        d1_0.name,
        d1_0.update_time 
    from
        dept d1_0 
    order by
        d1_0.update_time desc
2025-08-28 11:40:13.119 [http-nio-8080-exec-7] INFO  bcit.cst.aspect.ExecutionTimeAspect - List bcit.cst.service.impl.DeptServiceImpl.list() 执行耗时: 4ms
2025-08-28 11:40:13.129 [http-nio-8080-exec-6] INFO  bcit.cst.controller.EmpController - Pagination query: EmpQueryParam(page=1, pageSize=10, name=, gender=null, begin=null, end=null)
2025-08-28 11:40:13.143 [http-nio-8080-exec-6] DEBUG org.hibernate.SQL - 
    select
        e1_0.id,
        e1_0.create_time,
        e1_0.dept_id,
        e1_0.entry_date,
        e1_0.gender,
        e1_0.image,
        e1_0.job,
        e1_0.name,
        e1_0.password,
        e1_0.phone,
        e1_0.salary,
        e1_0.update_time,
        e1_0.username 
    from
        emp e1_0 
    where
        1=1 
    offset
        ? rows 
    fetch
        first ? rows only
2025-08-28 11:40:13.158 [http-nio-8080-exec-6] DEBUG org.hibernate.SQL - 
    select
        count(e1_0.id) 
    from
        emp e1_0 
    where
        1=1
2025-08-28 11:40:13.168 [http-nio-8080-exec-6] DEBUG org.hibernate.SQL - 
    select
        d1_0.id,
        d1_0.create_time,
        d1_0.name,
        d1_0.update_time 
    from
        dept d1_0 
    where
        d1_0.id in (?, ?)
2025-08-28 11:40:13.171 [http-nio-8080-exec-6] INFO  bcit.cst.aspect.ExecutionTimeAspect - PageResult bcit.cst.service.impl.EmpServiceImpl.getEmployees(EmpQueryParam) 执行耗时: 41ms
2025-08-28 11:40:14.739 [http-nio-8080-exec-8] INFO  b.cst.interceptor.TokenInterceptor - Token is valid, proceeding with the request.
2025-08-28 11:40:14.740 [http-nio-8080-exec-8] INFO  bcit.cst.controller.DeptController - Fetching all departments
2025-08-28 11:40:14.741 [http-nio-8080-exec-8] DEBUG org.hibernate.SQL - 
    select
        d1_0.id,
        d1_0.create_time,
        d1_0.name,
        d1_0.update_time 
    from
        dept d1_0 
    order by
        d1_0.update_time desc
2025-08-28 11:40:14.743 [http-nio-8080-exec-8] INFO  bcit.cst.aspect.ExecutionTimeAspect - List bcit.cst.service.impl.DeptServiceImpl.list() 执行耗时: 3ms
2025-08-28 11:40:18.975 [http-nio-8080-exec-10] INFO  b.cst.interceptor.TokenInterceptor - Token is valid, proceeding with the request.
2025-08-28 11:40:18.998 [http-nio-8080-exec-10] INFO  bcit.cst.controller.DeptController - Adding new department: Dept(id=null, name=安定, createTime=null, updateTime=null)
2025-08-28 11:40:19.032 [http-nio-8080-exec-10] DEBUG org.hibernate.SQL - 
    insert 
    into
        dept
        (create_time, name, update_time) 
    values
        (?, ?, ?)
2025-08-28 11:40:19.053 [http-nio-8080-exec-10] INFO  bcit.cst.aspect.ExecutionTimeAspect - void bcit.cst.service.impl.DeptServiceImpl.add(Dept) 执行耗时: 55ms
2025-08-28 11:40:19.065 [http-nio-8080-exec-9] INFO  b.cst.interceptor.TokenInterceptor - Token is valid, proceeding with the request.
2025-08-28 11:40:19.065 [http-nio-8080-exec-9] INFO  bcit.cst.controller.DeptController - Fetching all departments
2025-08-28 11:40:19.066 [http-nio-8080-exec-9] DEBUG org.hibernate.SQL - 
    select
        d1_0.id,
        d1_0.create_time,
        d1_0.name,
        d1_0.update_time 
    from
        dept d1_0 
    order by
        d1_0.update_time desc
2025-08-28 11:40:19.067 [http-nio-8080-exec-9] INFO  bcit.cst.aspect.ExecutionTimeAspect - List bcit.cst.service.impl.DeptServiceImpl.list() 执行耗时: 1ms
2025-08-28 11:40:21.345 [http-nio-8080-exec-1] INFO  b.cst.interceptor.TokenInterceptor - Token is valid, proceeding with the request.
2025-08-28 11:40:21.350 [http-nio-8080-exec-1] DEBUG org.hibernate.SQL - 
    select
        d1_0.id,
        d1_0.create_time,
        d1_0.name,
        d1_0.update_time 
    from
        dept d1_0 
    where
        d1_0.id=?
2025-08-28 11:40:21.356 [http-nio-8080-exec-1] DEBUG org.hibernate.SQL - 
    delete 
    from
        dept 
    where
        id=?
2025-08-28 11:40:21.364 [http-nio-8080-exec-1] INFO  bcit.cst.aspect.ExecutionTimeAspect - void bcit.cst.service.impl.DeptServiceImpl.delete(Long) 执行耗时: 18ms
2025-08-28 11:40:21.371 [http-nio-8080-exec-5] INFO  b.cst.interceptor.TokenInterceptor - Token is valid, proceeding with the request.
2025-08-28 11:40:21.371 [http-nio-8080-exec-5] INFO  bcit.cst.controller.DeptController - Fetching all departments
2025-08-28 11:40:21.372 [http-nio-8080-exec-5] DEBUG org.hibernate.SQL - 
    select
        d1_0.id,
        d1_0.create_time,
        d1_0.name,
        d1_0.update_time 
    from
        dept d1_0 
    order by
        d1_0.update_time desc
2025-08-28 11:40:21.373 [http-nio-8080-exec-5] INFO  bcit.cst.aspect.ExecutionTimeAspect - List bcit.cst.service.impl.DeptServiceImpl.list() 执行耗时: 2ms
2025-08-28 12:12:08.642 [SpringApplicationShutdownHook] INFO  o.s.b.w.e.tomcat.GracefulShutdown - Commencing graceful shutdown. Waiting for active requests to complete
2025-08-28 12:12:08.648 [tomcat-shutdown] INFO  o.s.b.w.e.tomcat.GracefulShutdown - Graceful shutdown complete
2025-08-28 12:12:08.677 [SpringApplicationShutdownHook] INFO  o.s.o.j.LocalContainerEntityManagerFactoryBean - Closing JPA EntityManagerFactory for persistence unit 'default'
2025-08-28 12:12:08.679 [SpringApplicationShutdownHook] INFO  com.zaxxer.hikari.HikariDataSource - HikariPool-1 - Shutdown initiated...
2025-08-28 12:12:08.681 [SpringApplicationShutdownHook] INFO  com.zaxxer.hikari.HikariDataSource - HikariPool-1 - Shutdown completed.
